<?xml version="1.0" encoding="UTF-8"?>
<testsuite xmlns:xsi="http://www.w3.org/2001/XMLSchema-instance" xsi:noNamespaceSchemaLocation="https://maven.apache.org/surefire/maven-surefire-plugin/xsd/surefire-test-report-3.0.xsd" version="3.0" name="io.compiler.main.MainClassTest" time="0.015" tests="0" errors="0" skipped="0" failures="0">
  <properties>
    <property name="java.specification.version" value="22"/>
    <property name="sun.jnu.encoding" value="UTF-8"/>
    <property name="java.class.path" value="/home/cortes/Documents/UFABC/Compiladores/CompilerMaven/ufabc-compiler/target/test-classes:/home/cortes/Documents/UFABC/Compiladores/CompilerMaven/ufabc-compiler/target/classes:/home/cortes/Documents/UFABC/Compiladores/CompilerMaven/ufabc-compiler/antlr-4.13.2-complete.jar:"/>
    <property name="java.vm.vendor" value="Oracle Corporation"/>
    <property name="sun.arch.data.model" value="64"/>
    <property name="java.vendor.url" value="https://java.oracle.com/"/>
    <property name="os.name" value="Linux"/>
    <property name="java.vm.specification.version" value="22"/>
    <property name="sun.java.launcher" value="SUN_STANDARD"/>
    <property name="user.country" value="US"/>
    <property name="sun.boot.library.path" value="/usr/lib/jvm/java-22-jdk/lib"/>
    <property name="sun.java.command" value="/home/cortes/Documents/UFABC/Compiladores/CompilerMaven/ufabc-compiler/target/surefire/surefirebooter-20240912193420172_3.jar /home/cortes/Documents/UFABC/Compiladores/CompilerMaven/ufabc-compiler/target/surefire 2024-09-12T19-34-19_998-jvmRun1 surefire-20240912193420172_1tmp surefire_0-20240912193420172_2tmp"/>
    <property name="jdk.debug" value="release"/>
    <property name="surefire.test.class.path" value="/home/cortes/Documents/UFABC/Compiladores/CompilerMaven/ufabc-compiler/target/test-classes:/home/cortes/Documents/UFABC/Compiladores/CompilerMaven/ufabc-compiler/target/classes:/home/cortes/Documents/UFABC/Compiladores/CompilerMaven/ufabc-compiler/antlr-4.13.2-complete.jar:"/>
    <property name="sun.cpu.endian" value="little"/>
    <property name="user.home" value="/home/cortes"/>
    <property name="user.language" value="en"/>
    <property name="java.specification.vendor" value="Oracle Corporation"/>
    <property name="java.version.date" value="2024-04-16"/>
    <property name="java.home" value="/usr/lib/jvm/java-22-jdk"/>
    <property name="file.separator" value="/"/>
    <property name="basedir" value="/home/cortes/Documents/UFABC/Compiladores/CompilerMaven/ufabc-compiler"/>
    <property name="java.vm.compressedOopsMode" value="32-bit"/>
    <property name="line.separator" value="&#10;"/>
    <property name="java.specification.name" value="Java Platform API Specification"/>
    <property name="java.vm.specification.vendor" value="Oracle Corporation"/>
    <property name="surefire.real.class.path" value="/home/cortes/Documents/UFABC/Compiladores/CompilerMaven/ufabc-compiler/target/surefire/surefirebooter-20240912193420172_3.jar"/>
    <property name="sun.management.compiler" value="HotSpot 64-Bit Tiered Compilers"/>
    <property name="java.runtime.version" value="22.0.1+8-16"/>
    <property name="user.name" value="cortes"/>
    <property name="stdout.encoding" value="UTF-8"/>
    <property name="path.separator" value=":"/>
    <property name="os.version" value="6.9.7-arch1-1"/>
    <property name="java.runtime.name" value="Java(TM) SE Runtime Environment"/>
    <property name="file.encoding" value="UTF-8"/>
    <property name="java.vm.name" value="Java HotSpot(TM) 64-Bit Server VM"/>
    <property name="localRepository" value="/home/cortes/.m2/repository"/>
    <property name="java.vendor.url.bug" value="https://bugreport.java.com/bugreport/"/>
    <property name="java.io.tmpdir" value="/tmp"/>
    <property name="java.version" value="22.0.1"/>
    <property name="user.dir" value="/home/cortes/Documents/UFABC/Compiladores/CompilerMaven/ufabc-compiler"/>
    <property name="os.arch" value="amd64"/>
    <property name="java.vm.specification.name" value="Java Virtual Machine Specification"/>
    <property name="native.encoding" value="UTF-8"/>
    <property name="java.library.path" value="/usr/java/packages/lib:/usr/lib64:/lib64:/lib:/usr/lib"/>
    <property name="java.vm.info" value="mixed mode, sharing"/>
    <property name="stderr.encoding" value="UTF-8"/>
    <property name="java.vendor" value="Oracle Corporation"/>
    <property name="java.vm.version" value="22.0.1+8-16"/>
    <property name="sun.io.unicode.encoding" value="UnicodeLittle"/>
    <property name="java.class.version" value="66.0"/>
  </properties>
</testsuite>